<?xml version="1.0" encoding="utf-8"?><testsuites name="pytest tests"><testsuite name="pytest" errors="0" failures="0" skipped="0" tests="8" time="2.768" timestamp="2026-08-23T14:25:41.246994+00:00" hostname="agent-env-fcd408e6-0cc6-4023-97a8-707fccb0456a"><testcase classname="tests.test_termv_iter4.TestSwapValidation" name="test_course_swap_already_owned_want" time="0.293" /><testcase classname="tests.test_termv_iter4.TestSwapValidation" name="test_course_swap_cross_credit" time="0.118" /><testcase classname="tests.test_termv_iter4.TestSwapValidation" name="test_course_swap_valid_same_credit" time="0.255" /><testcase classname="tests.test_termv_iter4.TestCreditWarnings" name="test_add_above_max_warns" time="0.284" /><testcase classname="tests.test_termv_iter4.TestCreditWarnings" name="test_drop_below_min_warns" time="0.422" /><testcase classname="tests.test_termv_iter4.TestWindow24h" name="test_default_24h_when_no_closes_at" time="0.221" /><testcase classname="tests.test_termv_iter4.TestWindow24h" name="test_extend_window" time="0.249" /><testcase classname="tests.test_termv_iter4.TestNotifications" name="test_unread_count_and_read_all" time="0.799" /></testsuite></testsuites>