<?xml version="1.0" encoding="utf-8"?><testsuites name="pytest tests"><testsuite name="pytest" errors="0" failures="0" skipped="0" tests="15" time="66.663" timestamp="2026-08-23T16:39:06.703417+00:00" hostname="agent-env-fcd408e6-0cc6-4023-97a8-707fccb0456a"><testcase classname="tests.test_termv_iter6.TestWithdrawal" name="test_add_withdraw_success" time="3.893" /><testcase classname="tests.test_termv_iter6.TestWithdrawal" name="test_add_withdraw_frees_quota" time="3.453" /><testcase classname="tests.test_termv_iter6.TestWithdrawal" name="test_swap_withdraw_forbidden" time="1.785" /><testcase classname="tests.test_termv_iter6.TestWithdrawal" name="test_withdraw_blocked_when_window_closed" time="2.295" /><testcase classname="tests.test_termv_iter6.TestTrading" name="test_board_enabled_default" time="1.360" /><testcase classname="tests.test_termv_iter6.TestTrading" name="test_upsert_and_list" time="1.839" /><testcase classname="tests.test_termv_iter6.TestTrading" name="test_upsert_replaces" time="2.007" /><testcase classname="tests.test_termv_iter6.TestTrading" name="test_drop_must_be_owned" time="1.602" /><testcase classname="tests.test_termv_iter6.TestTrading" name="test_add_must_not_be_owned" time="1.518" /><testcase classname="tests.test_termv_iter6.TestTrading" name="test_empty_rejected" time="1.517" /><testcase classname="tests.test_termv_iter6.TestTrading" name="test_delete_own_and_others_forbidden" time="1.953" /><testcase classname="tests.test_termv_iter6.TestTrading" name="test_admin_toggle_disables_board" time="1.937" /><testcase classname="tests.test_termv_iter6.TestTrading" name="test_window_closed_hides_board" time="1.661" /><testcase classname="tests.test_termv_iter6.TestTrading" name="test_admin_view_and_remove" time="1.890" /><testcase classname="tests.test_termv_iter6.TestTrading" name="test_student_blocked_from_admin_endpoints" time="37.867" /></testsuite></testsuites>