<?xml version="1.0" encoding="utf-8"?><testsuites name="pytest tests"><testsuite name="pytest" errors="0" failures="0" skipped="0" tests="11" time="9.799" timestamp="2026-08-23T17:03:13.356364+00:00" hostname="agent-env-fcd408e6-0cc6-4023-97a8-707fccb0456a"><testcase classname="tests.test_termv_iter7.TestExports" name="test_admin_export_all_requests" time="0.316" /><testcase classname="tests.test_termv_iter7.TestExports" name="test_admin_export_executed_shape" time="0.158" /><testcase classname="tests.test_termv_iter7.TestExports" name="test_student_cannot_export_executed" time="0.110" /><testcase classname="tests.test_termv_iter7.TestAddExecution" name="test_add_executed_appears_in_dashboard_and_timetable" time="1.101" /><testcase classname="tests.test_termv_iter7.TestAddExecution" name="test_executed_on_non_approved_returns_400" time="0.241" /><testcase classname="tests.test_termv_iter7.TestDropExecution" name="test_drop_executed_removes_enrollment" time="0.724" /><testcase classname="tests.test_termv_iter7.TestAddDropExecution" name="test_add_drop_executed" time="0.756" /><testcase classname="tests.test_termv_iter7.TestSectionSwapExecution" name="test_section_swap_executed_swaps_both" time="0.990" /><testcase classname="tests.test_termv_iter7.TestCourseSwapExecution" name="test_course_swap_executed_swaps_both" time="1.378" /><testcase classname="tests.test_termv_iter7.TestExecutedExportRows" name="test_executed_export_lists_our_execution" time="0.578" /><testcase classname="tests.test_termv_iter7.TestMasterReupload" name="test_import_termv_succeeds" time="3.097" /></testsuite></testsuites>