<?xml version="1.0" encoding="utf-8"?><testsuites name="pytest tests"><testsuite name="pytest" errors="0" failures="0" skipped="0" tests="17" time="3.737" timestamp="2026-08-23T15:06:12.034196+00:00" hostname="agent-env-fcd408e6-0cc6-4023-97a8-707fccb0456a"><testcase classname="tests.test_termv_iter5.TestQuotaEndpoint" name="test_quota_shape_and_defaults" time="0.263" /><testcase classname="tests.test_termv_iter5.TestQuotaEndpoint" name="test_quota_requires_student_auth" time="0.194" /><testcase classname="tests.test_termv_iter5.TestQuotaEnforcement" name="test_second_add_blocked" time="0.407" /><testcase classname="tests.test_termv_iter5.TestQuotaEnforcement" name="test_second_drop_blocked" time="0.262" /><testcase classname="tests.test_termv_iter5.TestQuotaEnforcement" name="test_add_drop_blocked_if_add_used" time="0.244" /><testcase classname="tests.test_termv_iter5.TestQuotaEnforcement" name="test_third_course_swap_blocked" time="0.222" /><testcase classname="tests.test_termv_iter5.TestQuotaEnforcement" name="test_third_section_swap_blocked" time="0.120" /><testcase classname="tests.test_termv_iter5.TestQuotaEnforcement" name="test_rejected_does_not_consume" time="0.427" /><testcase classname="tests.test_termv_iter5.TestClashNote" name="test_add_clash_sets_note" time="0.183" /><testcase classname="tests.test_termv_iter5.TestClashNote" name="test_add_noclash_note_null" time="0.142" /><testcase classname="tests.test_termv_iter5.TestClashNote" name="test_course_swap_clash_excludes_given" time="0.153" /><testcase classname="tests.test_termv_iter5.TestClashNote" name="test_section_swap_clash_excludes_same_course" time="0.196" /><testcase classname="tests.test_termv_iter5.TestNoWithdrawal" name="test_cancel_always_403" time="0.234" /><testcase classname="tests.test_termv_iter5.TestNoWithdrawal" name="test_cancel_non_owner_also_403" time="0.116" /><testcase classname="tests.test_termv_iter5.TestRegression" name="test_admin_rbac_blocks_student" time="0.123" /><testcase classname="tests.test_termv_iter5.TestRegression" name="test_notifications_unread_count" time="0.129" /><testcase classname="tests.test_termv_iter5.TestRegression" name="test_excel_export" time="0.156" /></testsuite></testsuites>