<?xml version="1.0" encoding="utf-8"?><testsuites name="pytest tests"><testsuite name="pytest" errors="0" failures="0" skipped="0" tests="10" time="5.729" timestamp="2026-08-24T18:24:44.495210+00:00" hostname="agent-env-fcd408e6-0cc6-4023-97a8-707fccb0456a"><testcase classname="tests.test_termv_iter8.TestAdminClearTrading" name="test_student_forbidden" time="1.074" /><testcase classname="tests.test_termv_iter8.TestAdminClearTrading" name="test_admin_clears_all" time="0.687" /><testcase classname="tests.test_termv_iter8.TestCreditSumSwap" name="test_credit_mismatch_returns_400" time="0.218" /><testcase classname="tests.test_termv_iter8.TestCreditSumSwap" name="test_credit_sum_swap_full_lifecycle" time="1.169" /><testcase classname="tests.test_termv_iter8.TestLegacyCourseSwapRegression" name="test_legacy_1to1_course_swap_executes" time="0.746" /><testcase classname="tests.test_termv_iter8.TestLegacySectionSwapRegression" name="test_section_swap_executes" time="0.744" /><testcase classname="tests.test_termv_iter8.TestFullTimetablePrivacy" name="test_full_timetable_no_capacity" time="0.163" /><testcase classname="tests.test_termv_iter8.TestFullTimetablePrivacy" name="test_courses_endpoint_no_capacity" time="0.184" /><testcase classname="tests.test_termv_iter8.TestWindowAndQuotas" name="test_window_closed_gate" time="0.448" /><testcase classname="tests.test_termv_iter8.TestWindowAndQuotas" name="test_quota_limits" time="0.153" /></testsuite></testsuites>