<?xml version="1.0" encoding="utf-8"?><testsuites name="pytest tests"><testsuite name="pytest" errors="0" failures="0" skipped="0" tests="22" time="51.228" timestamp="2026-08-23T13:19:24.713333+00:00" hostname="agent-env-fcd408e6-0cc6-4023-97a8-707fccb0456a"><testcase classname="tests.test_pgp_portal.TestAuthRBAC" name="test_me_admin" time="20.016" /><testcase classname="tests.test_pgp_portal.TestAuthRBAC" name="test_me_student" time="4.462" /><testcase classname="tests.test_pgp_portal.TestAuthRBAC" name="test_no_token_401" time="1.418" /><testcase classname="tests.test_pgp_portal.TestAuthRBAC" name="test_invalid_token_401" time="0.356" /><testcase classname="tests.test_pgp_portal.TestAuthRBAC" name="test_student_cannot_access_admin" time="4.174" /><testcase classname="tests.test_pgp_portal.TestCapacityPrivacy" name="test_available_courses_no_capacity" time="0.320" /><testcase classname="tests.test_pgp_portal.TestCapacityPrivacy" name="test_student_capacity_endpoint_403" time="0.338" /><testcase classname="tests.test_pgp_portal.TestWindow" name="test_open_window" time="0.364" /><testcase classname="tests.test_pgp_portal.TestWindow" name="test_close_window_blocks_submission" time="12.945" /><testcase classname="tests.test_pgp_portal.TestSubmissions" name="test_add_submission" time="0.642" /><testcase classname="tests.test_pgp_portal.TestSubmissions" name="test_drop_submission" time="0.458" /><testcase classname="tests.test_pgp_portal.TestSubmissions" name="test_add_drop_submission" time="0.403" /><testcase classname="tests.test_pgp_portal.TestPrivacy" name="test_cannot_read_others_request" time="0.774" /><testcase classname="tests.test_pgp_portal.TestConflict" name="test_conflict_409" time="0.511" /><testcase classname="tests.test_pgp_portal.TestSwapReject" name="test_swap_partner_rejects_blocks_admin" time="0.860" /><testcase classname="tests.test_pgp_portal.TestSwapAcceptFlow" name="test_full_swap_accept_approve_execute" time="0.928" /><testcase classname="tests.test_pgp_portal.TestAdminDashboard" name="test_dashboard" time="0.359" /><testcase classname="tests.test_pgp_portal.TestAdminDashboard" name="test_capacity_fields" time="0.300" /><testcase classname="tests.test_pgp_portal.TestAdminDashboard" name="test_admin_requests_list" time="0.357" /><testcase classname="tests.test_pgp_portal.TestExport" name="test_export_xlsx" time="0.340" /><testcase classname="tests.test_pgp_portal.TestImport" name="test_preview_invalid_and_valid" time="0.434" /><testcase classname="tests.test_pgp_portal.TestAudit" name="test_audit_returns_entries" time="0.406" /></testsuite></testsuites>