<?xml version="1.0" encoding="utf-8"?><testsuites name="pytest tests"><testsuite name="pytest" errors="0" failures="0" skipped="0" tests="27" time="3.545" timestamp="2026-08-23T13:47:17.959217+00:00" hostname="agent-env-fcd408e6-0cc6-4023-97a8-707fccb0456a"><testcase classname="tests.test_rbac_bugfix" name="test_student_me_role[stu_pgp41473]" time="0.158" /><testcase classname="tests.test_rbac_bugfix" name="test_student_me_role[stu_real]" time="0.121" /><testcase classname="tests.test_rbac_bugfix" name="test_admin_me_role" time="0.147" /><testcase classname="tests.test_rbac_bugfix" name="test_student_blocked_from_admin_get[/api/admin/dashboard-stu_pgp41473]" time="0.122" /><testcase classname="tests.test_rbac_bugfix" name="test_student_blocked_from_admin_get[/api/admin/dashboard-stu_real]" time="0.116" /><testcase classname="tests.test_rbac_bugfix" name="test_student_blocked_from_admin_get[/api/admin/requests-stu_pgp41473]" time="0.114" /><testcase classname="tests.test_rbac_bugfix" name="test_student_blocked_from_admin_get[/api/admin/requests-stu_real]" time="0.111" /><testcase classname="tests.test_rbac_bugfix" name="test_student_blocked_from_admin_get[/api/admin/capacity-stu_pgp41473]" time="0.111" /><testcase classname="tests.test_rbac_bugfix" name="test_student_blocked_from_admin_get[/api/admin/capacity-stu_real]" time="0.113" /><testcase classname="tests.test_rbac_bugfix" name="test_student_blocked_from_admin_get[/api/admin/feasibility-stu_pgp41473]" time="0.110" /><testcase classname="tests.test_rbac_bugfix" name="test_student_blocked_from_admin_get[/api/admin/feasibility-stu_real]" time="0.115" /><testcase classname="tests.test_rbac_bugfix" name="test_student_blocked_from_admin_get[/api/admin/students-stu_pgp41473]" time="0.111" /><testcase classname="tests.test_rbac_bugfix" name="test_student_blocked_from_admin_get[/api/admin/students-stu_real]" time="0.106" /><testcase classname="tests.test_rbac_bugfix" name="test_student_blocked_from_admin_get[/api/admin/audit-stu_pgp41473]" time="0.105" /><testcase classname="tests.test_rbac_bugfix" name="test_student_blocked_from_admin_get[/api/admin/audit-stu_real]" time="0.102" /><testcase classname="tests.test_rbac_bugfix" name="test_student_blocked_from_admin_get[/api/admin/export-stu_pgp41473]" time="0.106" /><testcase classname="tests.test_rbac_bugfix" name="test_student_blocked_from_admin_get[/api/admin/export-stu_real]" time="0.125" /><testcase classname="tests.test_rbac_bugfix" name="test_student_blocked_put_window[stu_pgp41473]" time="0.145" /><testcase classname="tests.test_rbac_bugfix" name="test_student_blocked_put_window[stu_real]" time="0.111" /><testcase classname="tests.test_rbac_bugfix" name="test_student_blocked_put_section[stu_pgp41473]" time="0.107" /><testcase classname="tests.test_rbac_bugfix" name="test_student_blocked_put_section[stu_real]" time="0.120" /><testcase classname="tests.test_rbac_bugfix" name="test_student_blocked_import_termv[stu_pgp41473]" time="0.119" /><testcase classname="tests.test_rbac_bugfix" name="test_student_blocked_import_termv[stu_real]" time="0.108" /><testcase classname="tests.test_rbac_bugfix" name="test_admin_dashboard_ok" time="0.351" /><testcase classname="tests.test_rbac_bugfix" name="test_student_dashboard_content" time="0.134" /><testcase classname="tests.test_rbac_bugfix" name="test_student_timetable" time="0.113" /><testcase classname="tests.test_rbac_bugfix" name="test_student_my_requests" time="0.115" /></testsuite></testsuites>