<?xml version="1.0" encoding="utf-8"?><testsuites name="pytest tests"><testsuite name="pytest" errors="0" failures="0" skipped="0" tests="13" time="3.058" timestamp="2026-08-23T13:38:39.275485+00:00" hostname="agent-env-fcd408e6-0cc6-4023-97a8-707fccb0456a"><testcase classname="tests.test_termv_features.TestDashboardTotals" name="test_totals" time="0.387" /><testcase classname="tests.test_termv_features.TestFeasibility" name="test_student_forbidden" time="0.224" /><testcase classname="tests.test_termv_features.TestFeasibility" name="test_admin_shape" time="0.145" /><testcase classname="tests.test_termv_features.TestFeasibility" name="test_summary_matches_rows" time="0.133" /><testcase classname="tests.test_termv_features.TestSectionLimits" name="test_student_forbidden" time="0.111" /><testcase classname="tests.test_termv_features.TestSectionLimits" name="test_set_and_flag_transitions" time="1.110" /><testcase classname="tests.test_termv_features.TestSectionLimits" name="test_404_bad_id" time="0.140" /><testcase classname="tests.test_termv_features.TestStudentDashboard" name="test_credits_and_courses" time="0.113" /><testcase classname="tests.test_termv_features.TestTimetable" name="test_timetable" time="0.165" /><testcase classname="tests.test_termv_features.TestAdminAllowlist" name="test_secy_email_in_code" time="0.000" /><testcase classname="tests.test_termv_features.TestRegressions" name="test_window_open" time="0.161" /><testcase classname="tests.test_termv_features.TestRegressions" name="test_export_xlsx" time="0.179" /><testcase classname="tests.test_termv_features.TestRegressions" name="test_available_courses_no_capacity" time="0.106" /></testsuite></testsuites>